Determining if the pthread_create exist failed with the following output:
Change Dir: /duckietown/catkin_ws/build/navigation/CMakeFiles/CMakeTmp

Run Build Command:"/usr/bin/make" "cmTC_a11ee/fast"
/usr/bin/make -f CMakeFiles/cmTC_a11ee.dir/build.make CMakeFiles/cmTC_a11ee.dir/build
make[1]: Entering directory '/duckietown/catkin_ws/build/navigation/CMakeFiles/CMakeTmp'
Building C object CMakeFiles/cmTC_a11ee.dir/CheckSymbolExists.c.o
/usr/bin/cc    -o CMakeFiles/cmTC_a11ee.dir/CheckSymbolExists.c.o   -c /duckietown/catkin_ws/build/navigation/CMakeFiles/CMakeTmp/CheckSymbolExists.c
Linking C executable cmTC_a11ee
/usr/bin/cmake -E cmake_link_script CMakeFiles/cmTC_a11ee.dir/link.txt --verbose=1
/usr/bin/cc      -rdynamic CMakeFiles/cmTC_a11ee.dir/CheckSymbolExists.c.o  -o cmTC_a11ee 
CMakeFiles/cmTC_a11ee.dir/CheckSymbolExists.c.o: In function `main':
CheckSymbolExists.c:(.text+0x1b): undefined reference to `pthread_create'
collect2: error: ld returned 1 exit status
CMakeFiles/cmTC_a11ee.dir/build.make:97: recipe for target 'cmTC_a11ee' failed
make[1]: *** [cmTC_a11ee] Error 1
make[1]: Leaving directory '/duckietown/catkin_ws/build/navigation/CMakeFiles/CMakeTmp'
Makefile:126: recipe for target 'cmTC_a11ee/fast' failed
make: *** [cmTC_a11ee/fast] Error 2

File /duckietown/catkin_ws/build/navigation/CMakeFiles/CMakeTmp/CheckSymbolExists.c:
/* */
#include <pthread.h>

int main(int argc, char** argv)
{
  (void)argv;
#ifndef pthread_create
  return ((int*)(&pthread_create))[argc];
#else
  (void)argc;
  return 0;
#endif
}

Determining if the function pthread_create exists in the pthreads failed with the following output:
Change Dir: /duckietown/catkin_ws/build/navigation/CMakeFiles/CMakeTmp

Run Build Command:"/usr/bin/make" "cmTC_ce897/fast"
/usr/bin/make -f CMakeFiles/cmTC_ce897.dir/build.make CMakeFiles/cmTC_ce897.dir/build
make[1]: Entering directory '/duckietown/catkin_ws/build/navigation/CMakeFiles/CMakeTmp'
Building C object CMakeFiles/cmTC_ce897.dir/CheckFunctionExists.c.o
/usr/bin/cc   -DCHECK_FUNCTION_EXISTS=pthread_create   -o CMakeFiles/cmTC_ce897.dir/CheckFunctionExists.c.o   -c /usr/share/cmake-3.10/Modules/CheckFunctionExists.c
Linking C executable cmTC_ce897
/usr/bin/cmake -E cmake_link_script CMakeFiles/cmTC_ce897.dir/link.txt --verbose=1
/usr/bin/cc  -DCHECK_FUNCTION_EXISTS=pthread_create    -rdynamic CMakeFiles/cmTC_ce897.dir/CheckFunctionExists.c.o  -o cmTC_ce897 -lpthreads 
/usr/bin/ld: cannot find -lpthreads
collect2: error: ld returned 1 exit status
CMakeFiles/cmTC_ce897.dir/build.make:97: recipe for target 'cmTC_ce897' failed
make[1]: *** [cmTC_ce897] Error 1
make[1]: Leaving directory '/duckietown/catkin_ws/build/navigation/CMakeFiles/CMakeTmp'
Makefile:126: recipe for target 'cmTC_ce897/fast' failed
make: *** [cmTC_ce897/fast] Error 2


