[35m[1mScanning dependencies of target duckietown_msgs_generate_messages_lisp[0m
[  0%] Built target duckietown_msgs_generate_messages_lisp
[35m[1mScanning dependencies of target _ground_projection_generate_messages_check_deps_EstimateHomography[0m
[  0%] Built target _ground_projection_generate_messages_check_deps_EstimateHomography
[35m[1mScanning dependencies of target _ground_projection_generate_messages_check_deps_GetGroundCoord[0m
[  0%] Built target _ground_projection_generate_messages_check_deps_GetGroundCoord
[35m[1mScanning dependencies of target std_msgs_generate_messages_lisp[0m
[  0%] Built target std_msgs_generate_messages_lisp
[35m[1mScanning dependencies of target geometry_msgs_generate_messages_lisp[0m
[  0%] Built target geometry_msgs_generate_messages_lisp
[35m[1mScanning dependencies of target sensor_msgs_generate_messages_lisp[0m
[  0%] Built target sensor_msgs_generate_messages_lisp
[35m[1mScanning dependencies of target _ground_projection_generate_messages_check_deps_GetImageCoord[0m
[  0%] Built target _ground_projection_generate_messages_check_deps_GetImageCoord
[35m[1mScanning dependencies of target duckietown_msgs_generate_messages_eus[0m
[  0%] Built target duckietown_msgs_generate_messages_eus
[35m[1mScanning dependencies of target sensor_msgs_generate_messages_eus[0m
[  0%] Built target sensor_msgs_generate_messages_eus
[35m[1mScanning dependencies of target std_msgs_generate_messages_eus[0m
[  0%] Built target std_msgs_generate_messages_eus
[35m[1mScanning dependencies of target geometry_msgs_generate_messages_eus[0m
[  0%] Built target geometry_msgs_generate_messages_eus
[35m[1mScanning dependencies of target std_msgs_generate_messages_py[0m
[  0%] Built target std_msgs_generate_messages_py
[35m[1mScanning dependencies of target geometry_msgs_generate_messages_py[0m
[  0%] Built target geometry_msgs_generate_messages_py
[35m[1mScanning dependencies of target sensor_msgs_generate_messages_py[0m
[  0%] Built target sensor_msgs_generate_messages_py
[35m[1mScanning dependencies of target duckietown_msgs_generate_messages_py[0m
[  0%] Built target duckietown_msgs_generate_messages_py
[35m[1mScanning dependencies of target sensor_msgs_generate_messages_nodejs[0m
[  0%] Built target sensor_msgs_generate_messages_nodejs
[35m[1mScanning dependencies of target geometry_msgs_generate_messages_nodejs[0m
[  0%] Built target geometry_msgs_generate_messages_nodejs
[35m[1mScanning dependencies of target duckietown_msgs_generate_messages_nodejs[0m
[  0%] Built target duckietown_msgs_generate_messages_nodejs
[35m[1mScanning dependencies of target std_msgs_generate_messages_nodejs[0m
[  0%] Built target std_msgs_generate_messages_nodejs
[35m[1mScanning dependencies of target duckietown_msgs_generate_messages_cpp[0m
[  0%] Built target duckietown_msgs_generate_messages_cpp
[35m[1mScanning dependencies of target sensor_msgs_generate_messages_cpp[0m
[  0%] Built target sensor_msgs_generate_messages_cpp
[35m[1mScanning dependencies of target geometry_msgs_generate_messages_cpp[0m
[  0%] Built target geometry_msgs_generate_messages_cpp
[35m[1mScanning dependencies of target std_msgs_generate_messages_cpp[0m
[  0%] Built target std_msgs_generate_messages_cpp
[35m[1mScanning dependencies of target ground_projection_generate_messages_lisp[0m
[  5%] [34m[1mGenerating Lisp code from ground_projection/GetGroundCoord.srv[0m
[ 11%] [34m[1mGenerating Lisp code from ground_projection/GetImageCoord.srv[0m
[ 17%] [34m[1mGenerating Lisp code from ground_projection/EstimateHomography.srv[0m
[ 17%] Built target ground_projection_generate_messages_lisp
[35m[1mScanning dependencies of target ground_projection_generate_messages_eus[0m
[ 23%] [34m[1mGenerating EusLisp code from ground_projection/GetGroundCoord.srv[0m
[ 29%] [34m[1mGenerating EusLisp code from ground_projection/GetImageCoord.srv[0m
[ 35%] [34m[1mGenerating EusLisp code from ground_projection/EstimateHomography.srv[0m
[ 41%] [34m[1mGenerating EusLisp manifest code for ground_projection[0m
[ 41%] Built target ground_projection_generate_messages_eus
[35m[1mScanning dependencies of target ground_projection_generate_messages_py[0m
[ 47%] [34m[1mGenerating Python code from SRV ground_projection/GetGroundCoord[0m
[ 52%] [34m[1mGenerating Python code from SRV ground_projection/GetImageCoord[0m
[ 58%] [34m[1mGenerating Python code from SRV ground_projection/EstimateHomography[0m
[ 64%] [34m[1mGenerating Python srv __init__.py for ground_projection[0m
[ 64%] Built target ground_projection_generate_messages_py
[35m[1mScanning dependencies of target ground_projection_generate_messages_nodejs[0m
[ 70%] [34m[1mGenerating Javascript code from ground_projection/GetGroundCoord.srv[0m
[ 76%] [34m[1mGenerating Javascript code from ground_projection/GetImageCoord.srv[0m
[ 82%] [34m[1mGenerating Javascript code from ground_projection/EstimateHomography.srv[0m
[ 82%] Built target ground_projection_generate_messages_nodejs
[35m[1mScanning dependencies of target ground_projection_generate_messages_cpp[0m
[ 88%] [34m[1mGenerating C++ code from ground_projection/GetGroundCoord.srv[0m
[ 94%] [34m[1mGenerating C++ code from ground_projection/GetImageCoord.srv[0m
[100%] [34m[1mGenerating C++ code from ground_projection/EstimateHomography.srv[0m
[100%] Built target ground_projection_generate_messages_cpp
[35m[1mScanning dependencies of target ground_projection_generate_messages[0m
[100%] Built target ground_projection_generate_messages
