Symlinking /duckietown/catkin_ws/devel/include/ground_projection/GetImageCoordResponse.h
Symlinking /duckietown/catkin_ws/devel/include/ground_projection/GetImageCoord.h
Symlinking /duckietown/catkin_ws/devel/include/ground_projection/GetGroundCoord.h
Symlinking /duckietown/catkin_ws/devel/include/ground_projection/EstimateHomographyResponse.h
Symlinking /duckietown/catkin_ws/devel/include/ground_projection/GetGroundCoordResponse.h
Symlinking /duckietown/catkin_ws/devel/include/ground_projection/EstimateHomographyRequest.h
Symlinking /duckietown/catkin_ws/devel/include/ground_projection/GetImageCoordRequest.h
Symlinking /duckietown/catkin_ws/devel/include/ground_projection/GetGroundCoordRequest.h
Symlinking /duckietown/catkin_ws/devel/include/ground_projection/EstimateHomography.h
Symlinking /duckietown/catkin_ws/devel/share/roseus/ros/ground_projection/manifest.l
Symlinking /duckietown/catkin_ws/devel/share/roseus/ros/ground_projection/srv/EstimateHomography.l
Symlinking /duckietown/catkin_ws/devel/share/roseus/ros/ground_projection/srv/GetImageCoord.l
Symlinking /duckietown/catkin_ws/devel/share/roseus/ros/ground_projection/srv/GetGroundCoord.l
Symlinking /duckietown/catkin_ws/devel/share/common-lisp/ros/ground_projection/srv/GetGroundCoord.lisp
Symlinking /duckietown/catkin_ws/devel/share/common-lisp/ros/ground_projection/srv/_package.lisp
Symlinking /duckietown/catkin_ws/devel/share/common-lisp/ros/ground_projection/srv/_package_EstimateHomography.lisp
Symlinking /duckietown/catkin_ws/devel/share/common-lisp/ros/ground_projection/srv/EstimateHomography.lisp
Symlinking /duckietown/catkin_ws/devel/share/common-lisp/ros/ground_projection/srv/ground_projection-srv.asd
Symlinking /duckietown/catkin_ws/devel/share/common-lisp/ros/ground_projection/srv/_package_GetGroundCoord.lisp
Symlinking /duckietown/catkin_ws/devel/share/common-lisp/ros/ground_projection/srv/GetImageCoord.lisp
Symlinking /duckietown/catkin_ws/devel/share/common-lisp/ros/ground_projection/srv/_package_GetImageCoord.lisp
Symlinking /duckietown/catkin_ws/devel/share/gennodejs/ros/ground_projection/_index.js
Symlinking /duckietown/catkin_ws/devel/share/gennodejs/ros/ground_projection/srv/GetGroundCoord.js
Symlinking /duckietown/catkin_ws/devel/share/gennodejs/ros/ground_projection/srv/_index.js
Symlinking /duckietown/catkin_ws/devel/share/gennodejs/ros/ground_projection/srv/GetImageCoord.js
Symlinking /duckietown/catkin_ws/devel/share/gennodejs/ros/ground_projection/srv/EstimateHomography.js
Symlinking /duckietown/catkin_ws/devel/share/ground_projection/cmake/ground_projectionConfig-version.cmake
Symlinking /duckietown/catkin_ws/devel/share/ground_projection/cmake/ground_projectionConfig.cmake
Symlinking /duckietown/catkin_ws/devel/share/ground_projection/cmake/ground_projection-msg-extras.cmake
Symlinking /duckietown/catkin_ws/devel/share/ground_projection/cmake/ground_projection-msg-paths.cmake
Symlinking /duckietown/catkin_ws/devel/lib/python2.7/dist-packages/ground_projection/__init__.py
Symlinking /duckietown/catkin_ws/devel/lib/python2.7/dist-packages/ground_projection/srv/_EstimateHomography.py
Symlinking /duckietown/catkin_ws/devel/lib/python2.7/dist-packages/ground_projection/srv/__init__.py
Symlinking /duckietown/catkin_ws/devel/lib/python2.7/dist-packages/ground_projection/srv/_GetGroundCoord.py
Symlinking /duckietown/catkin_ws/devel/lib/python2.7/dist-packages/ground_projection/srv/_GetImageCoord.py
Symlinking /duckietown/catkin_ws/devel/lib/pkgconfig/ground_projection.pc
