Determining if the pthread_create exist failed with the following output:
Change Dir: /duckietown/catkin_ws/build/led_detection/CMakeFiles/CMakeTmp

Run Build Command:"/usr/bin/make" "cmTC_c0a8f/fast"
/usr/bin/make -f CMakeFiles/cmTC_c0a8f.dir/build.make CMakeFiles/cmTC_c0a8f.dir/build
make[1]: Entering directory '/duckietown/catkin_ws/build/led_detection/CMakeFiles/CMakeTmp'
Building C object CMakeFiles/cmTC_c0a8f.dir/CheckSymbolExists.c.o
/usr/bin/cc    -o CMakeFiles/cmTC_c0a8f.dir/CheckSymbolExists.c.o   -c /duckietown/catkin_ws/build/led_detection/CMakeFiles/CMakeTmp/CheckSymbolExists.c
Linking C executable cmTC_c0a8f
/usr/bin/cmake -E cmake_link_script CMakeFiles/cmTC_c0a8f.dir/link.txt --verbose=1
/usr/bin/cc      -rdynamic CMakeFiles/cmTC_c0a8f.dir/CheckSymbolExists.c.o  -o cmTC_c0a8f 
CMakeFiles/cmTC_c0a8f.dir/CheckSymbolExists.c.o: In function `main':
CheckSymbolExists.c:(.text+0x1b): undefined reference to `pthread_create'
collect2: error: ld returned 1 exit status
CMakeFiles/cmTC_c0a8f.dir/build.make:97: recipe for target 'cmTC_c0a8f' failed
make[1]: *** [cmTC_c0a8f] Error 1
make[1]: Leaving directory '/duckietown/catkin_ws/build/led_detection/CMakeFiles/CMakeTmp'
Makefile:126: recipe for target 'cmTC_c0a8f/fast' failed
make: *** [cmTC_c0a8f/fast] Error 2

File /duckietown/catkin_ws/build/led_detection/CMakeFiles/CMakeTmp/CheckSymbolExists.c:
/* */
#include <pthread.h>

int main(int argc, char** argv)
{
  (void)argv;
#ifndef pthread_create
  return ((int*)(&pthread_create))[argc];
#else
  (void)argc;
  return 0;
#endif
}

Determining if the function pthread_create exists in the pthreads failed with the following output:
Change Dir: /duckietown/catkin_ws/build/led_detection/CMakeFiles/CMakeTmp

Run Build Command:"/usr/bin/make" "cmTC_3e6fa/fast"
/usr/bin/make -f CMakeFiles/cmTC_3e6fa.dir/build.make CMakeFiles/cmTC_3e6fa.dir/build
make[1]: Entering directory '/duckietown/catkin_ws/build/led_detection/CMakeFiles/CMakeTmp'
Building C object CMakeFiles/cmTC_3e6fa.dir/CheckFunctionExists.c.o
/usr/bin/cc   -DCHECK_FUNCTION_EXISTS=pthread_create   -o CMakeFiles/cmTC_3e6fa.dir/CheckFunctionExists.c.o   -c /usr/share/cmake-3.10/Modules/CheckFunctionExists.c
Linking C executable cmTC_3e6fa
/usr/bin/cmake -E cmake_link_script CMakeFiles/cmTC_3e6fa.dir/link.txt --verbose=1
/usr/bin/cc  -DCHECK_FUNCTION_EXISTS=pthread_create    -rdynamic CMakeFiles/cmTC_3e6fa.dir/CheckFunctionExists.c.o  -o cmTC_3e6fa -lpthreads 
/usr/bin/ld: cannot find -lpthreads
collect2: error: ld returned 1 exit status
CMakeFiles/cmTC_3e6fa.dir/build.make:97: recipe for target 'cmTC_3e6fa' failed
make[1]: *** [cmTC_3e6fa] Error 1
make[1]: Leaving directory '/duckietown/catkin_ws/build/led_detection/CMakeFiles/CMakeTmp'
Makefile:126: recipe for target 'cmTC_3e6fa/fast' failed
make: *** [cmTC_3e6fa/fast] Error 2


