Symlinking /duckietown/catkin_ws/devel/include/navigation/GraphSearchRequest.h
Symlinking /duckietown/catkin_ws/devel/include/navigation/GraphSearch.h
Symlinking /duckietown/catkin_ws/devel/include/navigation/GraphSearchResponse.h
Symlinking /duckietown/catkin_ws/devel/share/roseus/ros/navigation/manifest.l
Symlinking /duckietown/catkin_ws/devel/share/roseus/ros/navigation/srv/GraphSearch.l
Symlinking /duckietown/catkin_ws/devel/share/navigation/cmake/navigation-msg-extras.cmake
Symlinking /duckietown/catkin_ws/devel/share/navigation/cmake/navigation-msg-paths.cmake
Symlinking /duckietown/catkin_ws/devel/share/navigation/cmake/navigationConfig-version.cmake
Symlinking /duckietown/catkin_ws/devel/share/navigation/cmake/navigationConfig.cmake
Symlinking /duckietown/catkin_ws/devel/share/common-lisp/ros/navigation/srv/_package.lisp
Symlinking /duckietown/catkin_ws/devel/share/common-lisp/ros/navigation/srv/GraphSearch.lisp
Symlinking /duckietown/catkin_ws/devel/share/common-lisp/ros/navigation/srv/navigation-srv.asd
Symlinking /duckietown/catkin_ws/devel/share/common-lisp/ros/navigation/srv/_package_GraphSearch.lisp
Symlinking /duckietown/catkin_ws/devel/share/gennodejs/ros/navigation/_index.js
Symlinking /duckietown/catkin_ws/devel/share/gennodejs/ros/navigation/srv/_index.js
Symlinking /duckietown/catkin_ws/devel/share/gennodejs/ros/navigation/srv/GraphSearch.js
Symlinking /duckietown/catkin_ws/devel/lib/python2.7/dist-packages/navigation/__init__.py
Symlinking /duckietown/catkin_ws/devel/lib/python2.7/dist-packages/navigation/srv/__init__.py
Symlinking /duckietown/catkin_ws/devel/lib/python2.7/dist-packages/navigation/srv/_GraphSearch.py
Symlinking /duckietown/catkin_ws/devel/lib/python2.7/dist-packages/rqt_navigation/__init__.py
Symlinking /duckietown/catkin_ws/devel/lib/pkgconfig/navigation.pc
