Symlinking /duckietown/catkin_ws/devel/include/apriltags2_ros/AnalyzeSingleImageRequest.h
Symlinking /duckietown/catkin_ws/devel/include/apriltags2_ros/AprilTagDetectionArray.h
Symlinking /duckietown/catkin_ws/devel/include/apriltags2_ros/AnalyzeSingleImageResponse.h
Symlinking /duckietown/catkin_ws/devel/include/apriltags2_ros/AnalyzeSingleImage.h
Symlinking /duckietown/catkin_ws/devel/include/apriltags2_ros/AprilTagDetection.h
Symlinking /duckietown/catkin_ws/devel/share/roseus/ros/apriltags2_ros/manifest.l
Symlinking /duckietown/catkin_ws/devel/share/roseus/ros/apriltags2_ros/srv/AnalyzeSingleImage.l
Symlinking /duckietown/catkin_ws/devel/share/roseus/ros/apriltags2_ros/msg/AprilTagDetectionArray.l
Symlinking /duckietown/catkin_ws/devel/share/roseus/ros/apriltags2_ros/msg/AprilTagDetection.l
Symlinking /duckietown/catkin_ws/devel/share/common-lisp/ros/apriltags2_ros/srv/_package.lisp
Symlinking /duckietown/catkin_ws/devel/share/common-lisp/ros/apriltags2_ros/srv/apriltags2_ros-srv.asd
Symlinking /duckietown/catkin_ws/devel/share/common-lisp/ros/apriltags2_ros/srv/_package_AnalyzeSingleImage.lisp
Symlinking /duckietown/catkin_ws/devel/share/common-lisp/ros/apriltags2_ros/srv/AnalyzeSingleImage.lisp
Symlinking /duckietown/catkin_ws/devel/share/common-lisp/ros/apriltags2_ros/msg/_package.lisp
Symlinking /duckietown/catkin_ws/devel/share/common-lisp/ros/apriltags2_ros/msg/_package_AprilTagDetectionArray.lisp
Symlinking /duckietown/catkin_ws/devel/share/common-lisp/ros/apriltags2_ros/msg/_package_AprilTagDetection.lisp
Symlinking /duckietown/catkin_ws/devel/share/common-lisp/ros/apriltags2_ros/msg/apriltags2_ros-msg.asd
Symlinking /duckietown/catkin_ws/devel/share/common-lisp/ros/apriltags2_ros/msg/AprilTagDetection.lisp
Symlinking /duckietown/catkin_ws/devel/share/common-lisp/ros/apriltags2_ros/msg/AprilTagDetectionArray.lisp
Symlinking /duckietown/catkin_ws/devel/share/gennodejs/ros/apriltags2_ros/_index.js
Symlinking /duckietown/catkin_ws/devel/share/gennodejs/ros/apriltags2_ros/srv/AnalyzeSingleImage.js
Symlinking /duckietown/catkin_ws/devel/share/gennodejs/ros/apriltags2_ros/srv/_index.js
Symlinking /duckietown/catkin_ws/devel/share/gennodejs/ros/apriltags2_ros/msg/_index.js
Symlinking /duckietown/catkin_ws/devel/share/gennodejs/ros/apriltags2_ros/msg/AprilTagDetection.js
Symlinking /duckietown/catkin_ws/devel/share/gennodejs/ros/apriltags2_ros/msg/AprilTagDetectionArray.js
Symlinking /duckietown/catkin_ws/devel/share/apriltags2_ros/cmake/apriltags2_ros-msg-paths.cmake
Symlinking /duckietown/catkin_ws/devel/share/apriltags2_ros/cmake/apriltags2_ros-msg-extras.cmake
Symlinking /duckietown/catkin_ws/devel/share/apriltags2_ros/cmake/apriltags2_rosConfig.cmake
Symlinking /duckietown/catkin_ws/devel/share/apriltags2_ros/cmake/apriltags2_rosConfig-version.cmake
Symlinking /duckietown/catkin_ws/devel/lib/libsingle_image_detector.so
Symlinking /duckietown/catkin_ws/devel/lib/libcontinuous_detector.so
Symlinking /duckietown/catkin_ws/devel/lib/libcommon.so
Symlinking /duckietown/catkin_ws/devel/lib/python2.7/dist-packages/apriltags2_ros/__init__.py
Symlinking /duckietown/catkin_ws/devel/lib/python2.7/dist-packages/apriltags2_ros/srv/_AnalyzeSingleImage.py
Symlinking /duckietown/catkin_ws/devel/lib/python2.7/dist-packages/apriltags2_ros/srv/__init__.py
Symlinking /duckietown/catkin_ws/devel/lib/python2.7/dist-packages/apriltags2_ros/msg/_AprilTagDetection.py
Symlinking /duckietown/catkin_ws/devel/lib/python2.7/dist-packages/apriltags2_ros/msg/__init__.py
Symlinking /duckietown/catkin_ws/devel/lib/python2.7/dist-packages/apriltags2_ros/msg/_AprilTagDetectionArray.py
Symlinking /duckietown/catkin_ws/devel/lib/pkgconfig/apriltags2_ros.pc
Symlinking /duckietown/catkin_ws/devel/lib/apriltags2_ros/apriltags2_ros_single_image_server_node
Symlinking /duckietown/catkin_ws/devel/lib/apriltags2_ros/apriltags2_ros_continuous_node
Symlinking /duckietown/catkin_ws/devel/lib/apriltags2_ros/apriltags2_ros_single_image_client_node
