Determining if the pthread_create exist failed with the following output:
Change Dir: /duckietown/catkin_ws/build/duckiebot_visualizer/CMakeFiles/CMakeTmp

Run Build Command:"/usr/bin/make" "cmTC_5dcab/fast"
/usr/bin/make -f CMakeFiles/cmTC_5dcab.dir/build.make CMakeFiles/cmTC_5dcab.dir/build
make[1]: Entering directory '/duckietown/catkin_ws/build/duckiebot_visualizer/CMakeFiles/CMakeTmp'
Building C object CMakeFiles/cmTC_5dcab.dir/CheckSymbolExists.c.o
/usr/bin/cc    -o CMakeFiles/cmTC_5dcab.dir/CheckSymbolExists.c.o   -c /duckietown/catkin_ws/build/duckiebot_visualizer/CMakeFiles/CMakeTmp/CheckSymbolExists.c
Linking C executable cmTC_5dcab
/usr/bin/cmake -E cmake_link_script CMakeFiles/cmTC_5dcab.dir/link.txt --verbose=1
/usr/bin/cc      -rdynamic CMakeFiles/cmTC_5dcab.dir/CheckSymbolExists.c.o  -o cmTC_5dcab 
CMakeFiles/cmTC_5dcab.dir/CheckSymbolExists.c.o: In function `main':
CheckSymbolExists.c:(.text+0x1b): undefined reference to `pthread_create'
collect2: error: ld returned 1 exit status
CMakeFiles/cmTC_5dcab.dir/build.make:97: recipe for target 'cmTC_5dcab' failed
make[1]: *** [cmTC_5dcab] Error 1
make[1]: Leaving directory '/duckietown/catkin_ws/build/duckiebot_visualizer/CMakeFiles/CMakeTmp'
Makefile:126: recipe for target 'cmTC_5dcab/fast' failed
make: *** [cmTC_5dcab/fast] Error 2

File /duckietown/catkin_ws/build/duckiebot_visualizer/CMakeFiles/CMakeTmp/CheckSymbolExists.c:
/* */
#include <pthread.h>

int main(int argc, char** argv)
{
  (void)argv;
#ifndef pthread_create
  return ((int*)(&pthread_create))[argc];
#else
  (void)argc;
  return 0;
#endif
}

Determining if the function pthread_create exists in the pthreads failed with the following output:
Change Dir: /duckietown/catkin_ws/build/duckiebot_visualizer/CMakeFiles/CMakeTmp

Run Build Command:"/usr/bin/make" "cmTC_7705f/fast"
/usr/bin/make -f CMakeFiles/cmTC_7705f.dir/build.make CMakeFiles/cmTC_7705f.dir/build
make[1]: Entering directory '/duckietown/catkin_ws/build/duckiebot_visualizer/CMakeFiles/CMakeTmp'
Building C object CMakeFiles/cmTC_7705f.dir/CheckFunctionExists.c.o
/usr/bin/cc   -DCHECK_FUNCTION_EXISTS=pthread_create   -o CMakeFiles/cmTC_7705f.dir/CheckFunctionExists.c.o   -c /usr/share/cmake-3.10/Modules/CheckFunctionExists.c
Linking C executable cmTC_7705f
/usr/bin/cmake -E cmake_link_script CMakeFiles/cmTC_7705f.dir/link.txt --verbose=1
/usr/bin/cc  -DCHECK_FUNCTION_EXISTS=pthread_create    -rdynamic CMakeFiles/cmTC_7705f.dir/CheckFunctionExists.c.o  -o cmTC_7705f -lpthreads 
/usr/bin/ld: cannot find -lpthreads
collect2: error: ld returned 1 exit status
CMakeFiles/cmTC_7705f.dir/build.make:97: recipe for target 'cmTC_7705f' failed
make[1]: *** [cmTC_7705f] Error 1
make[1]: Leaving directory '/duckietown/catkin_ws/build/duckiebot_visualizer/CMakeFiles/CMakeTmp'
Makefile:126: recipe for target 'cmTC_7705f/fast' failed
make: *** [cmTC_7705f/fast] Error 2


